Phase: validate
Component: list_to_dict_by_id
Attempt: 1
Message: Validation failed

RAW DATA:
============================= test session starts ==============================
platform linux -- Python 3.12.3, pytest-9.0.2, pluggy-1.6.0
rootdir: /mnt/storage/tmp/tmpij15_6yx
plugins: anyio-4.12.0, cov-7.0.0, mock-3.15.1
collected 1 item

test_list_to_dict_by_id.py F                                             [100%]

=================================== FAILURES ===================================
___________________________ test_list_to_dict_by_id ____________________________

    def test_list_to_dict_by_id():
        # normal case
        lst = [{'id': 1, 'name': 'Alice'}, {'id': 2, 'name': 'Bob'}]
>       assert list_to_dict_by_id(lst) == {1: {'id': 1, 'name': 'Alice'}, 2: {'id': 2, 'name': 'Bob'}}
               ^^^^^^^^^^^^^^^^^^
E       NameError: name 'list_to_dict_by_id' is not defined

test_list_to_dict_by_id.py:4: NameError
=========================== short test summary info ============================
FAILED test_list_to_dict_by_id.py::test_list_to_dict_by_id - NameError: name ...
============================== 1 failed in 0.01s ===============================
