Phase: validate
Component: list_to_dict
Attempt: 1
Message: Validation failed

RAW DATA:
============================= test session starts ==============================
platform linux -- Python 3.12.3, pytest-9.0.2, pluggy-1.6.0
rootdir: /mnt/storage/tmp/tmpe5_q_kpk
plugins: anyio-4.12.0, cov-7.0.0, mock-3.15.1
collected 5 items

test_list_to_dict.py FFFFF                                               [100%]

=================================== FAILURES ===================================
___________________________ test_list_to_dict_normal ___________________________

    def test_list_to_dict_normal():
        input_list = [{'id': 1, 'name': 'a'}, {'id': 2, 'name': 'b'}]
        expected = {1: {'id': 1, 'name': 'a'}, 2: {'id': 2, 'name': 'b'}}
>       assert list_to_dict(input_list) == expected
               ^^^^^^^^^^^^
E       NameError: name 'list_to_dict' is not defined

test_list_to_dict.py:6: NameError
_______________________________ test_empty_list ________________________________

    def test_empty_list():
>       assert list_to_dict([]) == {}
               ^^^^^^^^^^^^
E       NameError: name 'list_to_dict' is not defined

test_list_to_dict.py:10: NameError
_______________________________ test_missing_id ________________________________

    def test_missing_id():
        with pytest.raises(ValueError):
>           list_to_dict([{'name': 'a'}])
            ^^^^^^^^^^^^
E           NameError: name 'list_to_dict' is not defined

test_list_to_dict.py:15: NameError
______________________________ test_duplicate_id _______________________________

    def test_duplicate_id():
        with pytest.raises(ValueError):
>           list_to_dict([{'id': 1}, {'id': 1}])
            ^^^^^^^^^^^^
E           NameError: name 'list_to_dict' is not defined

test_list_to_dict.py:20: NameError
_____________________________ test_non_hashable_id _____________________________

    def test_non_hashable_id():
        with pytest.raises(TypeError):
>           list_to_dict([{'id': [1, 2]}])
            ^^^^^^^^^^^^
E           NameError: name 'list_to_dict' is not defined

test_list_to_dict.py:25: NameError
=========================== short test summary info ============================
FAILED test_list_to_dict.py::test_list_to_dict_normal - NameError: name 'list...
FAILED test_list_to_dict.py::test_empty_list - NameError: name 'list_to_dict'...
FAILED test_list_to_dict.py::test_missing_id - NameError: name 'list_to_dict'...
FAILED test_list_to_dict.py::test_duplicate_id - NameError: name 'list_to_dic...
FAILED test_list_to_dict.py::test_non_hashable_id - NameError: name 'list_to_...
============================== 5 failed in 0.02s ===============================
