Phase: validate
Component: function_name
Attempt: 1
Message: Validation failed

RAW DATA:
============================= test session starts ==============================
platform linux -- Python 3.12.3, pytest-9.0.2, pluggy-1.6.0
rootdir: /mnt/storage/tmp/tmp1b8i6qmi
plugins: anyio-4.12.0, cov-7.0.0, mock-3.15.1
collected 1 item

test_function_name.py F                                                  [100%]

=================================== FAILURES ===================================
______________________________ test_function_name ______________________________

    def test_function_name():
        # Normal case
        data = [
            {"id": 1, "name": "Alice"},
            {"id": 2, "name": "Bob"}
        ]
        expected = {
            1: {"id": 1, "name": "Alice"},
            2: {"id": 2, "name": "Bob"}
        }
>       assert function_name(data) == expected
               ^^^^^^^^^^^^^
E       NameError: name 'function_name' is not defined

test_function_name.py:11: NameError
=========================== short test summary info ============================
FAILED test_function_name.py::test_function_name - NameError: name 'function_...
============================== 1 failed in 0.01s ===============================
