Phase: validate
Component: convert_by_id
Attempt: 1
Message: Validation failed

RAW DATA:
============================= test session starts ==============================
platform linux -- Python 3.12.3, pytest-9.0.2, pluggy-1.6.0
rootdir: /mnt/storage/tmp/tmpezbhowuo
plugins: anyio-4.12.0, cov-7.0.0, mock-3.15.1
collected 1 item

test_convert_by_id.py F                                                  [100%]

=================================== FAILURES ===================================
__________________________ test_convert_to_dict_by_id __________________________

    def test_convert_to_dict_by_id():
        data = [
            {'id': 1, 'name': 'Alice'},
            {'id': 2, 'name': 'Bob'}
        ]
        expected = {1: {'id': 1, 'name': 'Alice'}, 2: {'id': 2, 'name': 'Bob'}}
>       assert convert_to_dict_by_id(data) == expected
               ^^^^^^^^^^^^^^^^^^^^^
E       NameError: name 'convert_to_dict_by_id' is not defined

test_convert_by_id.py:7: NameError
=========================== short test summary info ============================
FAILED test_convert_by_id.py::test_convert_to_dict_by_id - NameError: name 'c...
============================== 1 failed in 0.01s ===============================
