Phase: validate
Component: simple_cache
Attempt: 1
Message: Validation failed

RAW DATA:
============================= test session starts ==============================
platform linux -- Python 3.12.3, pytest-9.0.2, pluggy-1.6.0
rootdir: /mnt/storage/tmp/tmpvirl0ure
plugins: anyio-4.12.0, cov-7.0.0, mock-3.15.1
collected 1 item

test_simple_cache.py F                                                   [100%]

=================================== FAILURES ===================================
______________________________ test_simple_cache _______________________________

    def test_simple_cache():
>       cache = Cache()
                ^^^^^
E       NameError: name 'Cache' is not defined

test_simple_cache.py:2: NameError
=========================== short test summary info ============================
FAILED test_simple_cache.py::test_simple_cache - NameError: name 'Cache' is n...
============================== 1 failed in 0.01s ===============================
