Phase: validate
Component: compile_email_patterns
Attempt: 3
Message: Validation failed

RAW DATA:
============================= test session starts ==============================
platform linux -- Python 3.12.3, pytest-9.0.2, pluggy-1.6.0
rootdir: /mnt/storage/tmp/tmp9ixyo7pl
plugins: anyio-4.12.0, cov-7.0.0, mock-3.15.1
collected 1 item

test_compile_email_patterns.py F                                         [100%]

=================================== FAILURES ===================================
_________________________ test_compile_email_patterns __________________________

    def test_compile_email_patterns():
        import re
        patterns = [r'^[\w\.-]+@[\w\.-]+\.\w+$', r'^\w+@example\.com$']
>       compiled = compile_email_patterns(patterns)
                   ^^^^^^^^^^^^^^^^^^^^^^
E       NameError: name 'compile_email_patterns' is not defined

test_compile_email_patterns.py:4: NameError
=========================== short test summary info ============================
FAILED test_compile_email_patterns.py::test_compile_email_patterns - NameErro...
============================== 1 failed in 0.01s ===============================
